113706799
425095239
371184695
968483987
400648948
206465280
691001359
243800755
518370341
431935431
16692950
971632253
774753741
627182216
148291738
252614206
814380205
743297862
620775910
665646465
824004200
399165504
324075738
171288043
226185261
211674302
550579396
816020461
399407215
377312422
432516391
915623330
371449277
788072784
282176082
403194750
981808109
799899727
404742651
457586235
127881788
66378986
836554490
704479575
454771006
441682584
637635920
482171774
674782047
305855738
533941673 163008913 425279755 194946862 902700702 241103288 542123223 59863402 804484868 454470655 846548900 117503144 9386613 458452470 157071379 157355419 553535860 244435551 977787749 165916030 475835093 484638775 283530540 708324156 553350284 744093610 537962934 15947541 902959028 3308709 447823385 2785207 897596211 955857355 126090974 364157847 990349036 18936451 700643405 226860992 376540234 74601291 266973524 951995578 536242932 878354768 471872143 547279788 89487954 342608997 323697191 10229264 630684607 133570018 799192476 702908945 409433840 893449773 33884018 611916795 82149204 715196592 585895653 554015687 401363864 796489804 387585131 163648458 359040544 647747543 451237730 85207706 772447547 134353668 858797245 774314671 961160840 451024782 361474721 730503297 514559871 279624927 559231782 264935117 855146081 251021566 236506389 737961269 545548215 611468722 830341081 239338853 723926591 697779263 408038063 509655063 926426339 270490629 85354452 263924330
